AndroidCigarSmuggler-master/app/build/outputs/logs/manifest-merger-debug-report.txt
-- Merging decision tree log ---
manifest
ADDED from src/main/AndroidManifest.xml:2:1-38:12
	xmlns:android
		ADDED from src/main/AndroidManifest.xml:2:11-69
	package
		ADDED from src/main/AndroidManifest.xml:3:7-43
		INJECTED from src/main/AndroidManifest.xml
		INJECTED from src/main/AndroidManifest.xml
	android:versionName
		ADDED from src/main/AndroidManifest.xml:5:7-32
		INJECTED from src/main/AndroidManifest.xml
		INJECTED from src/main/AndroidManifest.xml
	android:versionCode
		ADDED from src/main/AndroidManifest.xml:4:7-30
		INJECTED from src/main/AndroidManifest.xml
		INJECTED from src/main/AndroidManifest.xml
application
ADDED from src/main/AndroidManifest.xml:7:5-33:19
	android:label
		ADDED from src/main/AndroidManifest.xml:7:48-80
	android:debuggable
		ADDED from src/main/AndroidManifest.xml:7:81-106
	android:icon
		ADDED from src/main/AndroidManifest.xml:7:18-47
activity#com.gamecook.cigarsmuggler.activities.StartActivity
ADDED from src/main/AndroidManifest.xml:8:9-13:20
	android:screenOrientation
		ADDED from src/main/AndroidManifest.xml:8:108-144
	android:theme
		ADDED from src/main/AndroidManifest.xml:8:60-107
	android:name
		ADDED from src/main/AndroidManifest.xml:8:19-59
intent-filter#android.intent.action.MAIN+android.intent.category.LAUNCHER
ADDED from src/main/AndroidManifest.xml:9:13-12:29
action#android.intent.action.MAIN
ADDED from src/main/AndroidManifest.xml:10:17-68
	android:name
		ADDED from src/main/AndroidManifest.xml:10:25-66
category#android.intent.category.LAUNCHER
ADDED from src/main/AndroidManifest.xml:11:17-76
	android:name
		ADDED from src/main/AndroidManifest.xml:11:27-74
activity#com.gamecook.cigarsmuggler.activities.CreditsActivity
ADDED from src/main/AndroidManifest.xml:14:9-148
	android:screenOrientation
		ADDED from src/main/AndroidManifest.xml:14:110-146
	android:theme
		ADDED from src/main/AndroidManifest.xml:14:62-109
	android:name
		ADDED from src/main/AndroidManifest.xml:14:19-61
activity#com.gamecook.cigarsmuggler.activities.GameActivity
ADDED from src/main/AndroidManifest.xml:15:9-145
	android:screenOrientation
		ADDED from src/main/AndroidManifest.xml:15:107-143
	android:theme
		ADDED from src/main/AndroidManifest.xml:15:59-106
	android:name
		ADDED from src/main/AndroidManifest.xml:15:19-58
activity#com.gamecook.cigarsmuggler.activities.GameOverActivity
ADDED from src/main/AndroidManifest.xml:16:9-149
	android:screenOrientation
		ADDED from src/main/AndroidManifest.xml:16:111-147
	android:theme
		ADDED from src/main/AndroidManifest.xml:16:63-110
	android:name
		ADDED from src/main/AndroidManifest.xml:16:19-62
activity#com.gamecook.cigarsmuggler.activities.BankActivity
ADDED from src/main/AndroidManifest.xml:17:9-145
	android:screenOrientation
		ADDED from src/main/AndroidManifest.xml:17:107-143
	android:theme
		ADDED from src/main/AndroidManifest.xml:17:59-106
	android:name
		ADDED from src/main/AndroidManifest.xml:17:19-58
activity#com.openfeint.internal.ui.IntroFlow
ADDED from src/main/AndroidManifest.xml:19:9-22:68
	android:label
		ADDED from src/main/AndroidManifest.xml:20:19-44
	android:configChanges
		ADDED from src/main/AndroidManifest.xml:21:19-69
	android:theme
		ADDED from src/main/AndroidManifest.xml:22:19-66
	android:name
		ADDED from src/main/AndroidManifest.xml:19:19-69
activity#com.openfeint.api.ui.Dashboard
ADDED from src/main/AndroidManifest.xml:23:9-26:68
	android:label
		ADDED from src/main/AndroidManifest.xml:24:19-44
	android:configChanges
		ADDED from src/main/AndroidManifest.xml:25:19-69
	android:theme
		ADDED from src/main/AndroidManifest.xml:26:19-66
	android:name
		ADDED from src/main/AndroidManifest.xml:23:19-64
activity#com.openfeint.internal.ui.Settings
ADDED from src/main/AndroidManifest.xml:27:9-30:68
	android:label
		ADDED from src/main/AndroidManifest.xml:28:19-43
	android:configChanges
		ADDED from src/main/AndroidManifest.xml:29:19-69
	android:theme
		ADDED from src/main/AndroidManifest.xml:30:19-66
	android:name
		ADDED from src/main/AndroidManifest.xml:27:19-68
activity#com.gamecook.cigarsmuggler.activities.Safe
ADDED from src/main/AndroidManifest.xml:31:9-121
	android:label
		ADDED from src/main/AndroidManifest.xml:31:51-71
	android:theme
		ADDED from src/main/AndroidManifest.xml:31:72-119
	android:name
		ADDED from src/main/AndroidManifest.xml:31:19-50
uses-sdk
ADDED from src/main/AndroidManifest.xml:35:5-43
	android:targetSdkVersion
		INJECTED from src/main/AndroidManifest.xml
		INJECTED from src/main/AndroidManifest.xml
	android:minSdkVersion
		ADDED from src/main/AndroidManifest.xml:35:15-40
		INJECTED from src/main/AndroidManifest.xml
		INJECTED from src/main/AndroidManifest.xml
uses-permission#android.permission.INTERNET
ADDED from src/main/AndroidManifest.xml:36:2-64
	android:name
		ADDED from src/main/AndroidManifest.xml:36:19-61
uses-permission#android.permission.ACCESS_NETWORK_STATE
ADDED from src/main/AndroidManifest.xml:37:2-92
	android:name
		ADDED from src/main/AndroidManifest.xml:37:19-73